<?xml version="1.0" encoding="UTF-8"?>
<testsuite xmlns:xsi="http://www.w3.org/2001/XMLSchema-instance" xsi:noNamespaceSchemaLocation="https://maven.apache.org/surefire/maven-surefire-plugin/xsd/surefire-test-report.xsd" name="com.jiabin.disruptor.test.DemoTests" time="4.387" tests="2" errors="0" skipped="0" failures="0">
  <properties>
    <property name="sun.desktop" value="windows"/>
    <property name="awt.toolkit" value="sun.awt.windows.WToolkit"/>
    <property name="file.encoding.pkg" value="sun.io"/>
    <property name="java.specification.version" value="1.8"/>
    <property name="sun.cpu.isalist" value="amd64"/>
    <property name="sun.jnu.encoding" value="GBK"/>
    <property name="java.class.path" value="D:\PracticeProjectFile\mypracticefile\springboot-practice\disruptor\target\test-classes;D:\PracticeProjectFile\mypracticefile\springboot-practice\disruptor\target\classes;D:\ProgramFiles\MavenFiles\MavenRepository\org\springframework\boot\spring-boot-starter-web\2.2.5.RELEASE\spring-boot-starter-web-2.2.5.RELEASE.jar;D:\ProgramFiles\MavenFiles\MavenRepository\org\springframework\boot\spring-boot-starter\2.2.5.RELEASE\spring-boot-starter-2.2.5.RELEASE.jar;D:\ProgramFiles\MavenFiles\MavenRepository\org\springframework\boot\spring-boot-starter-logging\2.2.5.RELEASE\spring-boot-starter-logging-2.2.5.RELEASE.jar;D:\ProgramFiles\MavenFiles\MavenRepository\ch\qos\logback\logback-classic\1.2.3\logback-classic-1.2.3.jar;D:\ProgramFiles\MavenFiles\MavenRepository\ch\qos\logback\logback-core\1.2.3\logback-core-1.2.3.jar;D:\ProgramFiles\MavenFiles\MavenRepository\org\apache\logging\log4j\log4j-to-slf4j\2.12.1\log4j-to-slf4j-2.12.1.jar;D:\ProgramFiles\MavenFiles\MavenRepository\org\apache\logging\log4j\log4j-api\2.12.1\log4j-api-2.12.1.jar;D:\ProgramFiles\MavenFiles\MavenRepository\org\slf4j\jul-to-slf4j\1.7.30\jul-to-slf4j-1.7.30.jar;D:\ProgramFiles\MavenFiles\MavenRepository\jakarta\annotation\jakarta.annotation-api\1.3.5\jakarta.annotation-api-1.3.5.jar;D:\ProgramFiles\MavenFiles\MavenRepository\org\yaml\snakeyaml\1.25\snakeyaml-1.25.jar;D:\ProgramFiles\MavenFiles\MavenRepository\org\springframework\boot\spring-boot-starter-json\2.2.5.RELEASE\spring-boot-starter-json-2.2.5.RELEASE.jar;D:\ProgramFiles\MavenFiles\MavenRepository\com\fasterxml\jackson\core\jackson-databind\2.10.2\jackson-databind-2.10.2.jar;D:\ProgramFiles\MavenFiles\MavenRepository\com\fasterxml\jackson\core\jackson-annotations\2.10.2\jackson-annotations-2.10.2.jar;D:\ProgramFiles\MavenFiles\MavenRepository\com\fasterxml\jackson\core\jackson-core\2.10.2\jackson-core-2.10.2.jar;D:\ProgramFiles\MavenFiles\MavenRepository\com\fasterxml\jackson\datatype\jackson-datatype-jdk8\2.10.2\jackson-datatype-jdk8-2.10.2.jar;D:\ProgramFiles\MavenFiles\MavenRepository\com\fasterxml\jackson\datatype\jackson-datatype-jsr310\2.10.2\jackson-datatype-jsr310-2.10.2.jar;D:\ProgramFiles\MavenFiles\MavenRepository\com\fasterxml\jackson\module\jackson-module-parameter-names\2.10.2\jackson-module-parameter-names-2.10.2.jar;D:\ProgramFiles\MavenFiles\MavenRepository\org\springframework\boot\spring-boot-starter-tomcat\2.2.5.RELEASE\spring-boot-starter-tomcat-2.2.5.RELEASE.jar;D:\ProgramFiles\MavenFiles\MavenRepository\org\apache\tomcat\embed\tomcat-embed-core\9.0.31\tomcat-embed-core-9.0.31.jar;D:\ProgramFiles\MavenFiles\MavenRepository\org\apache\tomcat\embed\tomcat-embed-el\9.0.31\tomcat-embed-el-9.0.31.jar;D:\ProgramFiles\MavenFiles\MavenRepository\org\apache\tomcat\embed\tomcat-embed-websocket\9.0.31\tomcat-embed-websocket-9.0.31.jar;D:\ProgramFiles\MavenFiles\MavenRepository\org\springframework\boot\spring-boot-starter-validation\2.2.5.RELEASE\spring-boot-starter-validation-2.2.5.RELEASE.jar;D:\ProgramFiles\MavenFiles\MavenRepository\jakarta\validation\jakarta.validation-api\2.0.2\jakarta.validation-api-2.0.2.jar;D:\ProgramFiles\MavenFiles\MavenRepository\org\hibernate\validator\hibernate-validator\6.0.18.Final\hibernate-validator-6.0.18.Final.jar;D:\ProgramFiles\MavenFiles\MavenRepository\org\jboss\logging\jboss-logging\3.4.1.Final\jboss-logging-3.4.1.Final.jar;D:\ProgramFiles\MavenFiles\MavenRepository\com\fasterxml\classmate\1.5.1\classmate-1.5.1.jar;D:\ProgramFiles\MavenFiles\MavenRepository\org\springframework\spring-web\5.2.4.RELEASE\spring-web-5.2.4.RELEASE.jar;D:\ProgramFiles\MavenFiles\MavenRepository\org\springframework\spring-beans\5.2.4.RELEASE\spring-beans-5.2.4.RELEASE.jar;D:\ProgramFiles\MavenFiles\MavenRepository\org\springframework\spring-webmvc\5.2.4.RELEASE\spring-webmvc-5.2.4.RELEASE.jar;D:\ProgramFiles\MavenFiles\MavenRepository\org\springframework\spring-aop\5.2.4.RELEASE\spring-aop-5.2.4.RELEASE.jar;D:\ProgramFiles\MavenFiles\MavenRepository\org\springframework\spring-context\5.2.4.RELEASE\spring-context-5.2.4.RELEASE.jar;D:\ProgramFiles\MavenFiles\MavenRepository\org\springframework\spring-expression\5.2.4.RELEASE\spring-expression-5.2.4.RELEASE.jar;D:\ProgramFiles\MavenFiles\MavenRepository\org\springframework\boot\spring-boot-autoconfigure\2.2.5.RELEASE\spring-boot-autoconfigure-2.2.5.RELEASE.jar;D:\ProgramFiles\MavenFiles\MavenRepository\org\springframework\boot\spring-boot\2.2.5.RELEASE\spring-boot-2.2.5.RELEASE.jar;D:\ProgramFiles\MavenFiles\MavenRepository\org\springframework\boot\spring-boot-starter-test\2.2.5.RELEASE\spring-boot-starter-test-2.2.5.RELEASE.jar;D:\ProgramFiles\MavenFiles\MavenRepository\org\springframework\boot\spring-boot-test\2.2.5.RELEASE\spring-boot-test-2.2.5.RELEASE.jar;D:\ProgramFiles\MavenFiles\MavenRepository\org\springframework\boot\spring-boot-test-autoconfigure\2.2.5.RELEASE\spring-boot-test-autoconfigure-2.2.5.RELEASE.jar;D:\ProgramFiles\MavenFiles\MavenRepository\com\jayway\jsonpath\json-path\2.4.0\json-path-2.4.0.jar;D:\ProgramFiles\MavenFiles\MavenRepository\net\minidev\json-smart\2.3\json-smart-2.3.jar;D:\ProgramFiles\MavenFiles\MavenRepository\net\minidev\accessors-smart\1.2\accessors-smart-1.2.jar;D:\ProgramFiles\MavenFiles\MavenRepository\org\ow2\asm\asm\5.0.4\asm-5.0.4.jar;D:\ProgramFiles\MavenFiles\MavenRepository\org\slf4j\slf4j-api\1.7.30\slf4j-api-1.7.30.jar;D:\ProgramFiles\MavenFiles\MavenRepository\jakarta\xml\bind\jakarta.xml.bind-api\2.3.2\jakarta.xml.bind-api-2.3.2.jar;D:\ProgramFiles\MavenFiles\MavenRepository\jakarta\activation\jakarta.activation-api\1.2.2\jakarta.activation-api-1.2.2.jar;D:\ProgramFiles\MavenFiles\MavenRepository\org\junit\jupiter\junit-jupiter\5.5.2\junit-jupiter-5.5.2.jar;D:\ProgramFiles\MavenFiles\MavenRepository\org\junit\jupiter\junit-jupiter-api\5.5.2\junit-jupiter-api-5.5.2.jar;D:\ProgramFiles\MavenFiles\MavenRepository\org\opentest4j\opentest4j\1.2.0\opentest4j-1.2.0.jar;D:\ProgramFiles\MavenFiles\MavenRepository\org\junit\platform\junit-platform-commons\1.5.2\junit-platform-commons-1.5.2.jar;D:\ProgramFiles\MavenFiles\MavenRepository\org\junit\jupiter\junit-jupiter-params\5.5.2\junit-jupiter-params-5.5.2.jar;D:\ProgramFiles\MavenFiles\MavenRepository\org\junit\jupiter\junit-jupiter-engine\5.5.2\junit-jupiter-engine-5.5.2.jar;D:\ProgramFiles\MavenFiles\MavenRepository\org\junit\vintage\junit-vintage-engine\5.5.2\junit-vintage-engine-5.5.2.jar;D:\ProgramFiles\MavenFiles\MavenRepository\org\apiguardian\apiguardian-api\1.1.0\apiguardian-api-1.1.0.jar;D:\ProgramFiles\MavenFiles\MavenRepository\org\junit\platform\junit-platform-engine\1.5.2\junit-platform-engine-1.5.2.jar;D:\ProgramFiles\MavenFiles\MavenRepository\junit\junit\4.12\junit-4.12.jar;D:\ProgramFiles\MavenFiles\MavenRepository\org\mockito\mockito-junit-jupiter\3.1.0\mockito-junit-jupiter-3.1.0.jar;D:\ProgramFiles\MavenFiles\MavenRepository\org\assertj\assertj-core\3.13.2\assertj-core-3.13.2.jar;D:\ProgramFiles\MavenFiles\MavenRepository\org\hamcrest\hamcrest\2.1\hamcrest-2.1.jar;D:\ProgramFiles\MavenFiles\MavenRepository\org\mockito\mockito-core\3.1.0\mockito-core-3.1.0.jar;D:\ProgramFiles\MavenFiles\MavenRepository\net\bytebuddy\byte-buddy\1.10.8\byte-buddy-1.10.8.jar;D:\ProgramFiles\MavenFiles\MavenRepository\net\bytebuddy\byte-buddy-agent\1.10.8\byte-buddy-agent-1.10.8.jar;D:\ProgramFiles\MavenFiles\MavenRepository\org\objenesis\objenesis\2.6\objenesis-2.6.jar;D:\ProgramFiles\MavenFiles\MavenRepository\org\skyscreamer\jsonassert\1.5.0\jsonassert-1.5.0.jar;D:\ProgramFiles\MavenFiles\MavenRepository\com\vaadin\external\google\android-json\0.0.20131108.vaadin1\android-json-0.0.20131108.vaadin1.jar;D:\ProgramFiles\MavenFiles\MavenRepository\org\springframework\spring-core\5.2.4.RELEASE\spring-core-5.2.4.RELEASE.jar;D:\ProgramFiles\MavenFiles\MavenRepository\org\springframework\spring-jcl\5.2.4.RELEASE\spring-jcl-5.2.4.RELEASE.jar;D:\ProgramFiles\MavenFiles\MavenRepository\org\springframework\spring-test\5.2.4.RELEASE\spring-test-5.2.4.RELEASE.jar;D:\ProgramFiles\MavenFiles\MavenRepository\org\xmlunit\xmlunit-core\2.6.3\xmlunit-core-2.6.3.jar;D:\ProgramFiles\MavenFiles\MavenRepository\com\lmax\disruptor\3.3.4\disruptor-3.3.4.jar;D:\ProgramFiles\MavenFiles\MavenRepository\org\projectlombok\lombok\1.18.30\lombok-1.18.30.jar;"/>
    <property name="java.vm.vendor" value="Oracle Corporation"/>
    <property name="sun.arch.data.model" value="64"/>
    <property name="user.variant" value=""/>
    <property name="java.vendor.url" value="http://java.oracle.com/"/>
    <property name="user.timezone" value="Asia/Shanghai"/>
    <property name="java.vm.specification.version" value="1.8"/>
    <property name="os.name" value="Windows 10"/>
    <property name="user.country" value="CN"/>
    <property name="sun.java.launcher" value="SUN_STANDARD"/>
    <property name="sun.boot.library.path" value="C:\Program Files\Java\jdk-1.8\jre\bin"/>
    <property name="sun.java.command" value="C:\Users\admin\AppData\Local\Temp\surefire3805770856806734044\surefirebooter5527097042688176174.jar C:\Users\admin\AppData\Local\Temp\surefire3805770856806734044 2024-06-13T23-22-28_354-jvmRun1 surefire6416624806341074201tmp surefire_04206236306181868025tmp"/>
    <property name="surefire.test.class.path" value="D:\PracticeProjectFile\mypracticefile\springboot-practice\disruptor\target\test-classes;D:\PracticeProjectFile\mypracticefile\springboot-practice\disruptor\target\classes;D:\ProgramFiles\MavenFiles\MavenRepository\org\springframework\boot\spring-boot-starter-web\2.2.5.RELEASE\spring-boot-starter-web-2.2.5.RELEASE.jar;D:\ProgramFiles\MavenFiles\MavenRepository\org\springframework\boot\spring-boot-starter\2.2.5.RELEASE\spring-boot-starter-2.2.5.RELEASE.jar;D:\ProgramFiles\MavenFiles\MavenRepository\org\springframework\boot\spring-boot-starter-logging\2.2.5.RELEASE\spring-boot-starter-logging-2.2.5.RELEASE.jar;D:\ProgramFiles\MavenFiles\MavenRepository\ch\qos\logback\logback-classic\1.2.3\logback-classic-1.2.3.jar;D:\ProgramFiles\MavenFiles\MavenRepository\ch\qos\logback\logback-core\1.2.3\logback-core-1.2.3.jar;D:\ProgramFiles\MavenFiles\MavenRepository\org\apache\logging\log4j\log4j-to-slf4j\2.12.1\log4j-to-slf4j-2.12.1.jar;D:\ProgramFiles\MavenFiles\MavenRepository\org\apache\logging\log4j\log4j-api\2.12.1\log4j-api-2.12.1.jar;D:\ProgramFiles\MavenFiles\MavenRepository\org\slf4j\jul-to-slf4j\1.7.30\jul-to-slf4j-1.7.30.jar;D:\ProgramFiles\MavenFiles\MavenRepository\jakarta\annotation\jakarta.annotation-api\1.3.5\jakarta.annotation-api-1.3.5.jar;D:\ProgramFiles\MavenFiles\MavenRepository\org\yaml\snakeyaml\1.25\snakeyaml-1.25.jar;D:\ProgramFiles\MavenFiles\MavenRepository\org\springframework\boot\spring-boot-starter-json\2.2.5.RELEASE\spring-boot-starter-json-2.2.5.RELEASE.jar;D:\ProgramFiles\MavenFiles\MavenRepository\com\fasterxml\jackson\core\jackson-databind\2.10.2\jackson-databind-2.10.2.jar;D:\ProgramFiles\MavenFiles\MavenRepository\com\fasterxml\jackson\core\jackson-annotations\2.10.2\jackson-annotations-2.10.2.jar;D:\ProgramFiles\MavenFiles\MavenRepository\com\fasterxml\jackson\core\jackson-core\2.10.2\jackson-core-2.10.2.jar;D:\ProgramFiles\MavenFiles\MavenRepository\com\fasterxml\jackson\datatype\jackson-datatype-jdk8\2.10.2\jackson-datatype-jdk8-2.10.2.jar;D:\ProgramFiles\MavenFiles\MavenRepository\com\fasterxml\jackson\datatype\jackson-datatype-jsr310\2.10.2\jackson-datatype-jsr310-2.10.2.jar;D:\ProgramFiles\MavenFiles\MavenRepository\com\fasterxml\jackson\module\jackson-module-parameter-names\2.10.2\jackson-module-parameter-names-2.10.2.jar;D:\ProgramFiles\MavenFiles\MavenRepository\org\springframework\boot\spring-boot-starter-tomcat\2.2.5.RELEASE\spring-boot-starter-tomcat-2.2.5.RELEASE.jar;D:\ProgramFiles\MavenFiles\MavenRepository\org\apache\tomcat\embed\tomcat-embed-core\9.0.31\tomcat-embed-core-9.0.31.jar;D:\ProgramFiles\MavenFiles\MavenRepository\org\apache\tomcat\embed\tomcat-embed-el\9.0.31\tomcat-embed-el-9.0.31.jar;D:\ProgramFiles\MavenFiles\MavenRepository\org\apache\tomcat\embed\tomcat-embed-websocket\9.0.31\tomcat-embed-websocket-9.0.31.jar;D:\ProgramFiles\MavenFiles\MavenRepository\org\springframework\boot\spring-boot-starter-validation\2.2.5.RELEASE\spring-boot-starter-validation-2.2.5.RELEASE.jar;D:\ProgramFiles\MavenFiles\MavenRepository\jakarta\validation\jakarta.validation-api\2.0.2\jakarta.validation-api-2.0.2.jar;D:\ProgramFiles\MavenFiles\MavenRepository\org\hibernate\validator\hibernate-validator\6.0.18.Final\hibernate-validator-6.0.18.Final.jar;D:\ProgramFiles\MavenFiles\MavenRepository\org\jboss\logging\jboss-logging\3.4.1.Final\jboss-logging-3.4.1.Final.jar;D:\ProgramFiles\MavenFiles\MavenRepository\com\fasterxml\classmate\1.5.1\classmate-1.5.1.jar;D:\ProgramFiles\MavenFiles\MavenRepository\org\springframework\spring-web\5.2.4.RELEASE\spring-web-5.2.4.RELEASE.jar;D:\ProgramFiles\MavenFiles\MavenRepository\org\springframework\spring-beans\5.2.4.RELEASE\spring-beans-5.2.4.RELEASE.jar;D:\ProgramFiles\MavenFiles\MavenRepository\org\springframework\spring-webmvc\5.2.4.RELEASE\spring-webmvc-5.2.4.RELEASE.jar;D:\ProgramFiles\MavenFiles\MavenRepository\org\springframework\spring-aop\5.2.4.RELEASE\spring-aop-5.2.4.RELEASE.jar;D:\ProgramFiles\MavenFiles\MavenRepository\org\springframework\spring-context\5.2.4.RELEASE\spring-context-5.2.4.RELEASE.jar;D:\ProgramFiles\MavenFiles\MavenRepository\org\springframework\spring-expression\5.2.4.RELEASE\spring-expression-5.2.4.RELEASE.jar;D:\ProgramFiles\MavenFiles\MavenRepository\org\springframework\boot\spring-boot-autoconfigure\2.2.5.RELEASE\spring-boot-autoconfigure-2.2.5.RELEASE.jar;D:\ProgramFiles\MavenFiles\MavenRepository\org\springframework\boot\spring-boot\2.2.5.RELEASE\spring-boot-2.2.5.RELEASE.jar;D:\ProgramFiles\MavenFiles\MavenRepository\org\springframework\boot\spring-boot-starter-test\2.2.5.RELEASE\spring-boot-starter-test-2.2.5.RELEASE.jar;D:\ProgramFiles\MavenFiles\MavenRepository\org\springframework\boot\spring-boot-test\2.2.5.RELEASE\spring-boot-test-2.2.5.RELEASE.jar;D:\ProgramFiles\MavenFiles\MavenRepository\org\springframework\boot\spring-boot-test-autoconfigure\2.2.5.RELEASE\spring-boot-test-autoconfigure-2.2.5.RELEASE.jar;D:\ProgramFiles\MavenFiles\MavenRepository\com\jayway\jsonpath\json-path\2.4.0\json-path-2.4.0.jar;D:\ProgramFiles\MavenFiles\MavenRepository\net\minidev\json-smart\2.3\json-smart-2.3.jar;D:\ProgramFiles\MavenFiles\MavenRepository\net\minidev\accessors-smart\1.2\accessors-smart-1.2.jar;D:\ProgramFiles\MavenFiles\MavenRepository\org\ow2\asm\asm\5.0.4\asm-5.0.4.jar;D:\ProgramFiles\MavenFiles\MavenRepository\org\slf4j\slf4j-api\1.7.30\slf4j-api-1.7.30.jar;D:\ProgramFiles\MavenFiles\MavenRepository\jakarta\xml\bind\jakarta.xml.bind-api\2.3.2\jakarta.xml.bind-api-2.3.2.jar;D:\ProgramFiles\MavenFiles\MavenRepository\jakarta\activation\jakarta.activation-api\1.2.2\jakarta.activation-api-1.2.2.jar;D:\ProgramFiles\MavenFiles\MavenRepository\org\junit\jupiter\junit-jupiter\5.5.2\junit-jupiter-5.5.2.jar;D:\ProgramFiles\MavenFiles\MavenRepository\org\junit\jupiter\junit-jupiter-api\5.5.2\junit-jupiter-api-5.5.2.jar;D:\ProgramFiles\MavenFiles\MavenRepository\org\opentest4j\opentest4j\1.2.0\opentest4j-1.2.0.jar;D:\ProgramFiles\MavenFiles\MavenRepository\org\junit\platform\junit-platform-commons\1.5.2\junit-platform-commons-1.5.2.jar;D:\ProgramFiles\MavenFiles\MavenRepository\org\junit\jupiter\junit-jupiter-params\5.5.2\junit-jupiter-params-5.5.2.jar;D:\ProgramFiles\MavenFiles\MavenRepository\org\junit\jupiter\junit-jupiter-engine\5.5.2\junit-jupiter-engine-5.5.2.jar;D:\ProgramFiles\MavenFiles\MavenRepository\org\junit\vintage\junit-vintage-engine\5.5.2\junit-vintage-engine-5.5.2.jar;D:\ProgramFiles\MavenFiles\MavenRepository\org\apiguardian\apiguardian-api\1.1.0\apiguardian-api-1.1.0.jar;D:\ProgramFiles\MavenFiles\MavenRepository\org\junit\platform\junit-platform-engine\1.5.2\junit-platform-engine-1.5.2.jar;D:\ProgramFiles\MavenFiles\MavenRepository\junit\junit\4.12\junit-4.12.jar;D:\ProgramFiles\MavenFiles\MavenRepository\org\mockito\mockito-junit-jupiter\3.1.0\mockito-junit-jupiter-3.1.0.jar;D:\ProgramFiles\MavenFiles\MavenRepository\org\assertj\assertj-core\3.13.2\assertj-core-3.13.2.jar;D:\ProgramFiles\MavenFiles\MavenRepository\org\hamcrest\hamcrest\2.1\hamcrest-2.1.jar;D:\ProgramFiles\MavenFiles\MavenRepository\org\mockito\mockito-core\3.1.0\mockito-core-3.1.0.jar;D:\ProgramFiles\MavenFiles\MavenRepository\net\bytebuddy\byte-buddy\1.10.8\byte-buddy-1.10.8.jar;D:\ProgramFiles\MavenFiles\MavenRepository\net\bytebuddy\byte-buddy-agent\1.10.8\byte-buddy-agent-1.10.8.jar;D:\ProgramFiles\MavenFiles\MavenRepository\org\objenesis\objenesis\2.6\objenesis-2.6.jar;D:\ProgramFiles\MavenFiles\MavenRepository\org\skyscreamer\jsonassert\1.5.0\jsonassert-1.5.0.jar;D:\ProgramFiles\MavenFiles\MavenRepository\com\vaadin\external\google\android-json\0.0.20131108.vaadin1\android-json-0.0.20131108.vaadin1.jar;D:\ProgramFiles\MavenFiles\MavenRepository\org\springframework\spring-core\5.2.4.RELEASE\spring-core-5.2.4.RELEASE.jar;D:\ProgramFiles\MavenFiles\MavenRepository\org\springframework\spring-jcl\5.2.4.RELEASE\spring-jcl-5.2.4.RELEASE.jar;D:\ProgramFiles\MavenFiles\MavenRepository\org\springframework\spring-test\5.2.4.RELEASE\spring-test-5.2.4.RELEASE.jar;D:\ProgramFiles\MavenFiles\MavenRepository\org\xmlunit\xmlunit-core\2.6.3\xmlunit-core-2.6.3.jar;D:\ProgramFiles\MavenFiles\MavenRepository\com\lmax\disruptor\3.3.4\disruptor-3.3.4.jar;D:\ProgramFiles\MavenFiles\MavenRepository\org\projectlombok\lombok\1.18.30\lombok-1.18.30.jar;"/>
    <property name="sun.cpu.endian" value="little"/>
    <property name="user.home" value="C:\Users\admin"/>
    <property name="user.language" value="zh"/>
    <property name="java.specification.vendor" value="Oracle Corporation"/>
    <property name="java.home" value="C:\Program Files\Java\jdk-1.8\jre"/>
    <property name="basedir" value="D:\PracticeProjectFile\mypracticefile\springboot-practice\disruptor"/>
    <property name="file.separator" value="\"/>
    <property name="line.separator" value="&#10;"/>
    <property name="java.vm.specification.vendor" value="Oracle Corporation"/>
    <property name="java.specification.name" value="Java Platform API Specification"/>
    <property name="java.awt.graphicsenv" value="sun.awt.Win32GraphicsEnvironment"/>
    <property name="surefire.real.class.path" value="C:\Users\admin\AppData\Local\Temp\surefire3805770856806734044\surefirebooter5527097042688176174.jar"/>
    <property name="sun.boot.class.path" value="C:\Program Files\Java\jdk-1.8\jre\lib\resources.jar;C:\Program Files\Java\jdk-1.8\jre\lib\rt.jar;C:\Program Files\Java\jdk-1.8\jre\lib\jsse.jar;C:\Program Files\Java\jdk-1.8\jre\lib\jce.jar;C:\Program Files\Java\jdk-1.8\jre\lib\charsets.jar;C:\Program Files\Java\jdk-1.8\jre\lib\jfr.jar;C:\Program Files\Java\jdk-1.8\jre\classes"/>
    <property name="user.script" value=""/>
    <property name="sun.management.compiler" value="HotSpot 64-Bit Tiered Compilers"/>
    <property name="java.runtime.version" value="1.8.0_401-b10"/>
    <property name="user.name" value="admin"/>
    <property name="path.separator" value=";"/>
    <property name="os.version" value="10.0"/>
    <property name="java.endorsed.dirs" value="C:\Program Files\Java\jdk-1.8\jre\lib\endorsed"/>
    <property name="java.runtime.name" value="Java(TM) SE Runtime Environment"/>
    <property name="file.encoding" value="GBK"/>
    <property name="java.vm.name" value="Java HotSpot(TM) 64-Bit Server VM"/>
    <property name="localRepository" value="D:\ProgramFiles\MavenFiles\MavenRepository"/>
    <property name="java.vendor.url.bug" value="http://bugreport.sun.com/bugreport/"/>
    <property name="java.io.tmpdir" value="C:\Users\admin\AppData\Local\Temp\"/>
    <property name="idea.version" value="2023.2.4"/>
    <property name="java.version" value="1.8.0_401"/>
    <property name="user.dir" value="D:\PracticeProjectFile\mypracticefile\springboot-practice\disruptor"/>
    <property name="os.arch" value="amd64"/>
    <property name="java.vm.specification.name" value="Java Virtual Machine Specification"/>
    <property name="java.awt.printerjob" value="sun.awt.windows.WPrinterJob"/>
    <property name="sun.os.patch.level" value=""/>
    <property name="java.library.path" value="C:\Program Files\Java\jdk-1.8\jre\bin;C:\WINDOWS\Sun\Java\bin;C:\WINDOWS\system32;C:\WINDOWS;C:\Python312\Scripts\;C:\Python312\;C:\Program Files (x86)\Common Files\Oracle\Java\javapath;D:\app\admin\product\11.2.0\dbhome_1\bin;C:\Program Files (x86)\Intel\Intel(R) Management Engine Components\iCLS\;C:\Program Files\Intel\Intel(R) Management Engine Components\iCLS\;C:\Windows\system32;C:\Windows;C:\Windows\System32\Wbem;C:\Windows\System32\WindowsPowerShell\v1.0\;C:\Windows\System32\OpenSSH\;C:\Program Files (x86)\Intel\Intel(R) Management Engine Components\DAL;C:\Program Files\Intel\Intel(R) Management Engine Components\DAL;C:\Program Files (x86)\NVIDIA Corporation\PhysX\Common;C:\Program Files\MySQL\MySQL Utilities 1.6\;C:\Program Files\Java\jdk-1.8\bin;C:\Program Files\Java\jdk-1.8\jre\bin;D:\ProgramFiles\Maven\apache-maven-3.5.3\bin;C:\Program Files\Intel\WiFi\bin\;C:\Program Files\Common Files\Intel\WirelessCommon\;C:\WINDOWS\system32;C:\WINDOWS;C:\WINDOWS\System32\Wbem;C:\WINDOWS\System32\WindowsPowerShell\v1.0\;C:\WINDOWS\System32\OpenSSH\;D:\ProgramFiles\TortoiseGit\bin;C:\Program Files\TortoiseSVN\bin;C:\Program Files\dotnet\;D:\ProgramFiles\Git\cmd;D:\ProgramFiles\GoSoftware\bin;D:\ProgramFiles\Nodejs\;C:\ProgramData\chocolatey\bin;C:\Users\admin\AppData\Local\Microsoft\WindowsApps;C:\Users\admin\AppData\Local\BypassRuntm;C:\Program Files (x86)\IDM Computer Solutions\UltraEdit\;D:\ProgramFiles\Fiddler;D:\ProgramFiles\Microsoft VS Code\bin;C:\Users\admin\AppData\Local\Microsoft\WindowsApps;D:\ProgramFiles\IntellijIdea\IntelIDEA2018\IntelliJ IDEA 2018.3\bin;C:\Users\admin\go\bin;C:\Users\admin\AppData\Roaming\npm;."/>
    <property name="java.vm.info" value="mixed mode"/>
    <property name="java.vendor" value="Oracle Corporation"/>
    <property name="java.vm.version" value="25.401-b10"/>
    <property name="java.specification.maintenance.version" value="5"/>
    <property name="java.ext.dirs" value="C:\Program Files\Java\jdk-1.8\jre\lib\ext;C:\WINDOWS\Sun\Java\lib\ext"/>
    <property name="sun.io.unicode.encoding" value="UnicodeLittle"/>
    <property name="java.class.version" value="52.0"/>
  </properties>
  <testcase name="sayHelloMqTest" classname="com.jiabin.disruptor.test.DemoTests" time="2.39"/>
  <testcase name="execute" classname="com.jiabin.disruptor.test.DemoTests" time="0.001"/>
</testsuite>